<?xml version="1.0" encoding="UTF-8"?>
<!-- Generated by org.testng.reporters.JUnitXMLReporter -->
<testsuite ignored="4" hostname="OSIM-L-0003" failures="0" tests="1" name="SimpleMaths" time="0.072" errors="0" timestamp="2022-11-08T14:02:08 IST">
  <testcase classname="SampleCalculations.SampleMaths" name="Subtraction" time="0.011"/>
  <testcase classname="SampleCalculations.SampleMaths" name="Division" time="0.0">
    <ignored/>
  </testcase> <!-- Division -->
  <testcase classname="SampleCalculations.SampleMaths" name="Addition" time="0.0">
    <ignored/>
  </testcase> <!-- Addition -->
  <testcase classname="SampleCalculations.SampleMaths" name="Multiply" time="0.0">
    <ignored/>
  </testcase> <!-- Multiply -->
  <testcase classname="SampleCalculations.SampleMaths" name="Mod" time="0.0">
    <ignored/>
  </testcase> <!-- Mod -->
</testsuite> <!-- SimpleMaths -->
