<?xml version="1.0" encoding="UTF-8"?>
<testng-results ignored="0" total="1" passed="1" failed="0" skipped="0">
  <reporter-output>
  </reporter-output>
  <suite started-at="2022-06-24T15:35:52 IST" name="Default suite" finished-at="2022-06-24T15:36:00 IST" duration-ms="8440">
    <groups>
    </groups>
    <test started-at="2022-06-24T15:35:52 IST" name="Default test" finished-at="2022-06-24T15:36:00 IST" duration-ms="8440">
      <class name="com.DemoProject.TestCases.TC_DemoProject_01">
        <test-method is-config="true" signature="SetUp()[pri:0, instance:com.DemoProject.TestCases.TC_DemoProject_01@6574a52c]" started-at="2022-06-24T15:35:52 IST" name="SetUp" finished-at="2022-06-24T15:35:54 IST" duration-ms="2475" status="PASS">
          <reporter-output>
          </reporter-output>
        </test-method> <!-- SetUp -->
        <test-method signature="LoginTest()[pri:0, instance:com.DemoProject.TestCases.TC_DemoProject_01@6574a52c]" started-at="2022-06-24T15:35:54 IST" name="LoginTest" finished-at="2022-06-24T15:36:00 IST" duration-ms="5773" status="PASS">
          <reporter-output>
          </reporter-output>
        </test-method> <!-- LoginTest -->
        <test-method is-config="true" signature="TearDown()[pri:0, instance:com.DemoProject.TestCases.TC_DemoProject_01@6574a52c]" started-at="2022-06-24T15:36:00 IST" name="TearDown" finished-at="2022-06-24T15:36:00 IST" duration-ms="145" status="PASS">
          <reporter-output>
          </reporter-output>
        </test-method> <!-- TearDown -->
      </class> <!-- com.DemoProject.TestCases.TC_DemoProject_01 -->
    </test> <!-- Default test -->
  </suite> <!-- Default suite -->
</testng-results>
