<?xml version="1.0" encoding="UTF-8"?>
<testng-results ignored="4" total="5" passed="1" failed="0" skipped="0">
  <reporter-output>
  </reporter-output>
  <suite started-at="2022-11-08T14:02:08 IST" name="Maths" finished-at="2022-11-08T14:02:08 IST" duration-ms="72">
    <groups>
      <group name="sub">
        <method signature="SampleMaths.Subtraction()[pri:0, instance:SampleCalculations.SampleMaths@6bbe85a8]" name="Subtraction" class="SampleCalculations.SampleMaths"/>
      </group> <!-- sub -->
    </groups>
    <test started-at="2022-11-08T14:02:08 IST" name="SimpleMaths" finished-at="2022-11-08T14:02:08 IST" duration-ms="72">
      <class name="SampleCalculations.SampleMaths">
        <test-method signature="Subtraction()[pri:0, instance:SampleCalculations.SampleMaths@6bbe85a8]" started-at="2022-11-08T14:02:08 IST" name="Subtraction" finished-at="2022-11-08T14:02:08 IST" duration-ms="11" status="PASS">
          <reporter-output>
          </reporter-output>
        </test-method> <!-- Subtraction -->
      </class> <!-- SampleCalculations.SampleMaths -->
    </test> <!-- SimpleMaths -->
  </suite> <!-- Maths -->
</testng-results>
